0 info it worked if it ends with ok
1 verbose cli [ '/usr/bin/node', '/usr/bin/npm', 'start' ]
2 info using npm@3.5.2
3 info using node@v8.10.0
4 verbose run-script [ 'prestart', 'start', 'poststart' ]
5 info lifecycle my-app@0.1.0~prestart: my-app@0.1.0
6 silly lifecycle my-app@0.1.0~prestart: no script for prestart, continuing
7 info lifecycle my-app@0.1.0~start: my-app@0.1.0
8 verbose lifecycle my-app@0.1.0~start: unsafe-perm in lifecycle true
9 verbose lifecycle my-app@0.1.0~start: PATH: /usr/share/npm/bin/node-gyp-bin:/mnt/c/users/andrew/documents/utility-bot-website/node_modules/.bin:/home/andrew/.vscode-server/bin/e790b931385d72cf5669fcefc51cdf65990efa5d/bin:/home/andrew/.poetry/bin:/home/andrew/.local/bin:/usr/local/sbin:/usr/local/bin:/usr/sbin:/usr/bin:/sbin:/bin:/usr/games:/usr/local/games:/mnt/c/Program Files/AdoptOpenJDK/jdk-8.0.275.1-hotspot/bin:/mnt/c/Program Files (x86)/Common Files/Oracle/Java/javapath:/mnt/c/Windows/system32:/mnt/c/Windows:/mnt/c/Windows/System32/Wbem:/mnt/c/Windows/System32/WindowsPowerShell/v1.0/:/mnt/c/Windows/System32/OpenSSH/:/mnt/c/Program Files/NVIDIA Corporation/NVIDIA NvDLISR:/mnt/c/Program Files (x86)/NVIDIA Corporation/PhysX/Common:/mnt/c/Program Files/PuTTY/:/mnt/c/Program Files/Microsoft VS Code/bin:/mnt/c/Program Files/Git/cmd:/mnt/c/WINDOWS/system32:/mnt/c/WINDOWS:/mnt/c/WINDOWS/System32/Wbem:/mnt/c/WINDOWS/System32/WindowsPowerShell/v1.0/:/mnt/c/WINDOWS/System32/OpenSSH/:/mnt/c/Program Files/Docker/Docker/resources/bin:/mnt/c/ProgramData/DockerDesktop/version-bin:/mnt/c/Program Files/nodejs/:/mnt/c/Program Files (x86)/dotnet/:/mnt/c/Program Files (x86)/Brackets/command:/mnt/c/Users/Andrew/AppData/Local/Programs/Python/Python37/Scripts/:/mnt/c/Users/Andrew/AppData/Local/Programs/Python/Python37/:/mnt/c/Users/Andrew/AppData/Local/Microsoft/WindowsApps:/mnt/c/Users/Andrew/AppData/Roaming/npm:/mnt/c/Program Files (x86)/GitHub CLI/:/mnt/c/Users/Andrew/AppData/Local/hyper/app-3.0.2/resources/bin:/mnt/c/Users/Andrew/AppData/Local/GitHubDesktop/bin:/snap/bin
10 verbose lifecycle my-app@0.1.0~start: CWD: /mnt/c/users/andrew/documents/utility-bot-website
11 silly lifecycle my-app@0.1.0~start: Args: [ '-c', 'react-scripts start' ]
12 silly lifecycle my-app@0.1.0~start: Returned: code: 1  signal: null
13 info lifecycle my-app@0.1.0~start: Failed to exec start script
14 verbose stack Error: my-app@0.1.0 start: `react-scripts start`
14 verbose stack Exit status 1
14 verbose stack     at EventEmitter.<anonymous> (/usr/share/npm/lib/utils/lifecycle.js:232:16)
14 verbose stack     at emitTwo (events.js:126:13)
14 verbose stack     at EventEmitter.emit (events.js:214:7)
14 verbose stack     at ChildProcess.<anonymous> (/usr/share/npm/lib/utils/spawn.js:24:14)
14 verbose stack     at emitTwo (events.js:126:13)
14 verbose stack     at ChildProcess.emit (events.js:214:7)
14 verbose stack     at maybeClose (internal/child_process.js:925:16)
14 verbose stack     at Process.ChildProcess._handle.onexit (internal/child_process.js:209:5)
15 verbose pkgid my-app@0.1.0
16 verbose cwd /mnt/c/users/andrew/documents/utility-bot-website
17 error Linux 4.19.128-microsoft-standard
18 error argv "/usr/bin/node" "/usr/bin/npm" "start"
19 error node v8.10.0
20 error npm  v3.5.2
21 error code ELIFECYCLE
22 error my-app@0.1.0 start: `react-scripts start`
22 error Exit status 1
23 error Failed at the my-app@0.1.0 start script 'react-scripts start'.
23 error Make sure you have the latest version of node.js and npm installed.
23 error If you do, this is most likely a problem with the my-app package,
23 error not with npm itself.
23 error Tell the author that this fails on your system:
23 error     react-scripts start
23 error You can get information on how to open an issue for this project with:
23 error     npm bugs my-app
23 error Or if that isn't available, you can get their info via:
23 error     npm owner ls my-app
23 error There is likely additional logging output above.
24 verbose exit [ 1, true ]
